<?xml version="1.0" encoding="UTF-8"?>
<!-- Generated by org.testng.reporters.JUnitReportReporter -->
<testsuite hostname="DESKTOP-2EEMU5R" name="com.datamato.tests.ExistingAmazonCustomerTest" tests="2" failures="0" timestamp="17 Jun 2019 07:32:47 GMT" time="0.975" errors="0">
  <testcase name="clickOnAlreadyACustomerButtonTest" time="0.344" classname="com.datamato.tests.ExistingAmazonCustomerTest"/>
  <testcase name="homePageLoadedTest" time="0.631" classname="com.datamato.tests.ExistingAmazonCustomerTest"/>
</testsuite> <!-- com.datamato.tests.ExistingAmazonCustomerTest -->
