<?xml version="1.0" encoding="UTF-8"?>
<!-- Generated by org.testng.reporters.JUnitReportReporter -->
<testsuite hostname="DESKTOP-2EEMU5R" name="com.datamato.tests.Exisiting_User_Login_Test" tests="2" failures="0" timestamp="18 Jun 2019 11:57:24 GMT" time="9.849" errors="0">
  <testcase name="mobileNumberOREmailTest" time="9.533" classname="com.datamato.tests.Exisiting_User_Login_Test"/>
  <testcase name="existingUserLoginPageLoadedTest" time="0.316" classname="com.datamato.tests.Exisiting_User_Login_Test"/>
</testsuite> <!-- com.datamato.tests.Exisiting_User_Login_Test -->
