<?xml version="1.0" encoding="UTF-8"?>
<!-- Generated by org.testng.reporters.JUnitReportReporter -->
<testsuite hostname="DESKTOP-2EEMU5R" name="com.datamato.tests.ExistingAmazonCustomerTest" tests="2" failures="0" timestamp="18 Jun 2019 11:57:24 GMT" time="4.596" errors="0">
  <testcase name="homePageLoadedTest" time="1.170" classname="com.datamato.tests.ExistingAmazonCustomerTest"/>
  <testcase name="clickOnAlreadyACustomerButtonTest" time="3.426" classname="com.datamato.tests.ExistingAmazonCustomerTest"/>
</testsuite> <!-- com.datamato.tests.ExistingAmazonCustomerTest -->
